{
   u'common_like_count':0,
   u'is_super_like':False,
   u'common_friend_count':0,
   u'person':{
      u'bio':u"We only live,
      o
nly suspire. Consumed by either fire or fire.\n\nDesigner. Grad student. Huge fan of tech and art,
      tell me your sto
ry:)\n\nP.s. Not looking for hook up. If you are polyamory,
      please don't like me. Thanks.",
      u'name':u'Wendy',
      u't
easers':[

      ],
      u'gender':1,
      u'photos':[
         {
            u'url':            u'http://images.gotinder.com/573ca6678e026c581594b366/52efee3e-ffbb
-477e-ae6e-d168e96b32ee.jpg',
            u'processedFiles':[
               {
                  u'url':                  u'http://images.gotinder.com/573ca6678e026c581594b366/64
0x640_52efee3e-ffbb-477e-ae6e-d168e96b32ee.jpg',
                  u'width':640,
                  u'height':640
               },
               {
                  u'url':                  u'http://images.gotinder.
com/573ca6678e026c581594b366/320x320_52efee3e-ffbb-477e-ae6e-d168e96b32ee.jpg',
                  u'width':320,
                  u'height':320
               },
               {
                  u'
url':                  u'http://images.gotinder.com/573ca6678e026c581594b366/172x172_52efee3e-ffbb-477e-ae6e-d168e96b32ee.jpg',
                  u'wi
dth':172,
                  u'height':172
               },
               {
                  u'url':                  u'http://images.gotinder.com/573ca6678e026c581594b366/84x84_52efee3e-ffbb-477e
-ae6e-d168e96b32ee.jpg',
                  u'width':84,
                  u'height':84
               }
            ],
            u'id':u'52efee3e-ffbb-477e-ae6e-d168e96b32ee',
            u'extension
':u'jpg',
            u'fileName':u'52efee3e-ffbb-477e-ae6e-d168e96b32ee.jpg'
         },
         {
            u'selectRate':0,
            u'extension':u'jpg',
            u'su
ccessRate':0.39344262295081966,
            u'fileName':u'bd0457aa-a9f7-467a-801a-d0f3df881a5d.jpg',
            u'url':            u'http://images.
gotinder.com/573ca6678e026c581594b366/bd0457aa-a9f7-467a-801a-d0f3df881a5d.jpg',
            u'id':u'bd0457aa-a9f7-467a-801a-d
0f3df881a5d',
            u'processedFiles':[
               {
                  u'url':                  u'http://images.gotinder.com/573ca6678e026c581594b366/640x640_bd0457aa-a
9f7-467a-801a-d0f3df881a5d.jpg',
                  u'width':640,
                  u'height':640
               },
               {
                  u'url':                  u'http://images.gotinder.com/573ca6678e02
6c581594b366/320x320_bd0457aa-a9f7-467a-801a-d0f3df881a5d.jpg',
                  u'width':320,
                  u'height':320
               },
               {
                  u'url':                  u'http://i
mages.gotinder.com/573ca6678e026c581594b366/172x172_bd0457aa-a9f7-467a-801a-d0f3df881a5d.jpg',
                  u'width':172,
                  u'hei
ght':172
               },
               {
                  u'url':                  u'http://images.gotinder.com/573ca6678e026c581594b366/84x84_bd0457aa-a9f7-467a-801a-d0f3df881a
5d.jpg',
                  u'width':84,
                  u'height':84
               }
            ]
         },
         {
            u'selectRate':0,
            u'extension':u'jpg',
            u'url':            u'http://images.gotinder.
com/573ca6678e026c581594b366/5b7702db-3f5e-4e6f-816d-5e35f084a2a2.jpg',
            u'fileName':u'5b7702db-3f5e-4e6f-816d-5e35
f084a2a2.jpg',
            u'successRate':0.34408602150537637,
            u'id':u'5b7702db-3f5e-4e6f-816d-5e35f084a2a2',
            u'processedFile
s':[
               {
                  u'url':                  u'http://images.gotinder.com/573ca6678e026c581594b366/640x640_5b7702db-3f5e-4e6f-816d-5e35f084a2a2.jp
g',
                  u'width':640,
                  u'height':640
               },
               {
                  u'url':                  u'http://images.gotinder.com/573ca6678e026c581594b366/320x320_5b7702db
-3f5e-4e6f-816d-5e35f084a2a2.jpg',
                  u'width':320,
                  u'height':320
               },
               {
                  u'url':                  u'http://images.gotinder.com/573ca6678e
026c581594b366/172x172_5b7702db-3f5e-4e6f-816d-5e35f084a2a2.jpg',
                  u'width':172,
                  u'height':172
               },
               {
                  u'url':                  u'http:/
/images.gotinder.com/573ca6678e026c581594b366/84x84_5b7702db-3f5e-4e6f-816d-5e35f084a2a2.jpg',
                  u'width':84,
                  u'heig
ht':84
               }
            ]
         },
         {
            u'selectRate':0,
            u'extension':u'jpg',
            u'url':            u'http://images.gotinder.com/573ca6678e026c581594b366/
82b8d253-af83-41ba-8fa2-7067d6ee8be4.jpg',
            u'fileName':u'82b8d253-af83-41ba-8fa2-7067d6ee8be4.jpg',
            u'successRate':0.4213197969543147,
            u'id':u'82b8d253-af83-41ba-8fa2-7067d6ee8be4',
            u'processedFiles':[
               {
                  u'url':                  u'http://images.
gotinder.com/573ca6678e026c581594b366/640x640_82b8d253-af83-41ba-8fa2-7067d6ee8be4.jpg',
                  u'width':640,
                  u'height':640
               },
               {
                  u'url':                  u'http://images.gotinder.com/573ca6678e026c581594b366/320x320_82b8d253-af83-41ba-8fa2-7067d6ee8be4.j
pg',
                  u'width':320,
                  u'height':320
               },
               {
                  u'url':                  u'http://images.gotinder.com/573ca6678e026c581594b366/172x172_82b8d25
3-af83-41ba-8fa2-7067d6ee8be4.jpg',
                  u'width':172,
                  u'height':172
               },
               {
                  u'url':                  u'http://images.gotinder.com/573ca6678
e026c581594b366/84x84_82b8d253-af83-41ba-8fa2-7067d6ee8be4.jpg',
                  u'width':84,
                  u'height':84
               }
            ]
         },
         {
            u'selectRate':0,
            u'extension':u'jpg',
            u'successRate':0.3902439024390244,
            u'fileName':u'0a9f86cc-aa12-436e-874b-dce56edd0ea7.jpg',
            u'url':            u'http://images.gotinder.com/573ca6678e026c581594b366/0a9f86cc-aa12-436e-874b-dce56edd0ea7.jpg',
            u'id':u
'0a9f86cc-aa12-436e-874b-dce56edd0ea7',
            u'processedFiles':[
               {
                  u'url':                  u'http://images.gotinder.com/573ca6678e026c581
594b366/640x640_0a9f86cc-aa12-436e-874b-dce56edd0ea7.jpg',
                  u'width':640,
                  u'height':640
               },
               {
                  u'url':                  u'http://images
.gotinder.com/573ca6678e026c581594b366/320x320_0a9f86cc-aa12-436e-874b-dce56edd0ea7.jpg',
                  u'width':320,
                  u'height':320
               },
               {
                  u'url':                  u'http://images.gotinder.com/573ca6678e026c581594b366/172x172_0a9f86cc-aa12-436e-874b-dce56edd0ea7.
jpg',
                  u'width':172,
                  u'height':172
               },
               {
                  u'url':                  u'http://images.gotinder.com/573ca6678e026c581594b366/84x84_0a9f86cc
-aa12-436e-874b-dce56edd0ea7.jpg',
                  u'width':84,
                  u'height':84
               }
            ]
         }
      ],
      u'hide_distance':False,
      u'hide_age':False,
      u'
ping_time':      u'2014-12-09T00:00:00.000      Z',
      u'birth_date':      u'1991-05-09T17:03:06.629      Z',
      u'_id':u'573ca6678e026c581594
b366',
      u'badges':[

      ]
   },
   u'muted':False,
   u'messages':[
      {
         u'sent_date':         u'2017-05-04T20:57:51.981         Z',
         u'match_id':u'56
fe007981015293013e01fd573ca6678e026c581594b366',
         u'timestamp':1493931471981,
         u'to':u'573ca6678e026c581594b366',
         u
'created_date':         u'2017-05-04T20:57:51.981         Z',
         u'from':u'56fe007981015293013e01fd',
         u'message':u'hey! how are you?',
         u'_id':u'590b95cf36a4084e1adbb470'
      }
   ],
   u'last_activity_date':   u'2017-05-04T20:57:51.981   Z',
   u'dead':False,
   u'mess
age_count':0,
   u'is_boost_match':False,
   u'participants':[
      u'573ca6678e026c581594b366'
   ],
   u'closed':False,
   u'create
d_date':   u'2016-05-21T18:01:16.164   Z',
   u'following':True,
   u'following_moments':True,
   u'_id':u'56fe007981015293013
e01fd573ca6678e026c581594b366',
   u'id':u'56fe007981015293013e01fd573ca6678e026c581594b366',
   u'pending':False
}
